<?xml version="1.0" encoding="UTF-8"?>
<testsuite xmlns:xsi="http://www.w3.org/2001/XMLSchema-instance" xsi:noNamespaceSchemaLocation="https://maven.apache.org/surefire/maven-surefire-plugin/xsd/surefire-test-report.xsd" name="com.srikanthmadhira.portfolio.pointsservice.integration.GetPointsDaoImplTests" time="0.018" tests="1" errors="1" skipped="0" failures="0">
  <properties>
[...]
</properties>
  <testcase name="getAllSuccess" classname="com.srikanthmadhira.portfolio.pointsservice.integration.GetPointsDaoImplTests" time="0.018">
    <error type="java.lang.UnsupportedOperationException">java.lang.UnsupportedOperationException
	at com.srikanthmadhira.portfolio.pointsservice.integration.GetPointsDaoImplTests.getAllSuccess(GetPointsDaoImplTests.java:21)
</error>
    <system-out><![CDATA[2021-02-03 11:41:01.778  INFO 19436 --- [           main] org.mongodb.driver.cluster               : Cluster created with settings {hosts=[localhost:27017], mode=SINGLE, requiredClusterType=UNKNOWN, serverSelectionTimeout='30000 ms'}
2021-02-03 11:41:01.780  INFO 19436 --- [localhost:27017] org.mongodb.driver.connection            : Opened connection [connectionId{localValue:19, serverValue:454}] to localhost:27017
2021-02-03 11:41:01.780  INFO 19436 --- [localhost:27017] org.mongodb.driver.cluster               : Monitor thread successfully connected to server with description ServerDescription{address=localhost:27017, type=STANDALONE, state=CONNECTED, ok=true, minWireVersion=0, maxWireVersion=9, maxDocumentSize=16777216, logicalSessionTimeoutMinutes=30, roundTripTimeNanos=856600}
2021-02-03 11:41:01.780  INFO 19436 --- [localhost:27017] org.mongodb.driver.connection            : Opened connection [connectionId{localValue:20, serverValue:455}] to localhost:27017
]]></system-out>
  </testcase>
</testsuite>